list index out of rangelist index out of rangeTraceback (most recent call last):
  File "C:\Users\believix\Desktop\TFM\MainServer\Modules\Packets.py", line 349, in Login_Account
    await self.client.loginPlayer(playerName, password, startRoom)
  File "C:\Users\believix\Desktop\TFM\MainServer\Client.py", line 544, in loginPlayer
    self.Shop.sendShopCache()
  File "C:\Users\believix\Desktop\TFM\MainServer\Modules\Shop.py", line 572, in sendShopCache
    p = ByteArray().writeInt128(len(self.server.shopCachedFurs))
  File "C:\Users\believix\Desktop\TFM\MainServer\Modules\ByteArray.py", line 274, in writeInt128
    if arr[-1] >= 64 and arr[-1] < 128:
IndexError: list index out of range
Traceback (most recent call last):
  File "C:\Users\believix\Desktop\TFM\MainServer\Modules\Packets.py", line 349, in Login_Account
    await self.client.loginPlayer(playerName, password, startRoom)
  File "C:\Users\believix\Desktop\TFM\MainServer\Client.py", line 544, in loginPlayer
    self.Shop.sendShopCache()
  File "C:\Users\believix\Desktop\TFM\MainServer\Modules\Shop.py", line 572, in sendShopCache
    p = ByteArray().writeInt128(len(self.server.shopCachedFurs))
  File "C:\Users\believix\Desktop\TFM\MainServer\Modules\ByteArray.py", line 274, in writeInt128
    if arr[-1] >= 64 and arr[-1] < 128:
IndexError: list index out of range
